[debug] [2022-04-21T12:08:01.110Z] ----------------------------------------------------------------------
[debug] [2022-04-21T12:08:01.113Z] Command:       C:\Program Files\nodejs\node.exe C:\Users\Looner-Drive\AppData\Roaming\npm\node_modules\firebase-tools\lib\bin\firebase.js deploy --only functions
[debug] [2022-04-21T12:08:01.113Z] CLI Version:   10.6.0
[debug] [2022-04-21T12:08:01.114Z] Platform:      win32
[debug] [2022-04-21T12:08:01.114Z] Node Version:  v14.16.0
[debug] [2022-04-21T12:08:01.115Z] Time:          Thu Apr 21 2022 14:08:01 GMT+0200 (heure d’été d’Europe centrale)
[debug] [2022-04-21T12:08:01.115Z] ----------------------------------------------------------------------
[debug] 
[debug] [2022-04-21T12:08:01.262Z] Object ".remoteconfig" in "firebase.json" is missing required property: {"missingProperty":"template"}
[debug] [2022-04-21T12:08:01.272Z] > command requires scopes: ["email","openid","https://www.googleapis.com/auth/cloudplatformprojects.readonly","https://www.googleapis.com/auth/firebase","https://www.googleapis.com/auth/cloud-platform"]
[debug] [2022-04-21T12:08:01.272Z] > authorizing via signed-in user (binghanaltd@gmail.com)
[debug] [2022-04-21T12:08:01.273Z] [iam] checking project mapossadatatech for permissions ["cloudfunctions.functions.create","cloudfunctions.functions.delete","cloudfunctions.functions.get","cloudfunctions.functions.list","cloudfunctions.functions.update","cloudfunctions.operations.get","firebase.projects.get"]
[debug] [2022-04-21T12:08:01.276Z] > refreshing access token with scopes: []
[debug] [2022-04-21T12:08:01.277Z] >>> HTTP REQUEST POST https://www.googleapis.com/oauth2/v3/token  
 <request body omitted>
[debug] [2022-04-21T12:08:16.291Z] <<< HTTP RESPONSE 200 {"pragma":"no-cache","expires":"Mon, 01 Jan 1990 00:00:00 GMT","cache-control":"no-cache, no-store, max-age=0, must-revalidate","date":"Thu, 21 Apr 2022 12:08:03 GMT","content-type":"application/json; charset=utf-8","vary":"X-Origin, Referer, Origin,Accept-Encoding","server":"scaffolding on HTTPServer2","x-xss-protection":"0","x-frame-options":"SAMEORIGIN","x-content-type-options":"nosniff","alt-svc":"h3=\":443\"; ma=2592000,h3-29=\":443\"; ma=2592000,h3-Q050=\":443\"; ma=2592000,h3-Q046=\":443\"; ma=2592000,h3-Q043=\":443\"; ma=2592000,quic=\":443\"; ma=2592000; v=\"46,43\"","accept-ranges":"none","transfer-encoding":"chunked"}
[debug] [2022-04-21T12:08:16.310Z] >>> [apiv2][query] POST https://cloudresourcemanager.googleapis.com/v1/projects/mapossadatatech:testIamPermissions [none]
[debug] [2022-04-21T12:08:16.310Z] >>> [apiv2][body] POST https://cloudresourcemanager.googleapis.com/v1/projects/mapossadatatech:testIamPermissions {"permissions":["cloudfunctions.functions.create","cloudfunctions.functions.delete","cloudfunctions.functions.get","cloudfunctions.functions.list","cloudfunctions.functions.update","cloudfunctions.operations.get","firebase.projects.get"]}
[debug] [2022-04-21T12:08:17.524Z] <<< [apiv2][status] POST https://cloudresourcemanager.googleapis.com/v1/projects/mapossadatatech:testIamPermissions 200
[debug] [2022-04-21T12:08:17.525Z] <<< [apiv2][body] POST https://cloudresourcemanager.googleapis.com/v1/projects/mapossadatatech:testIamPermissions {"permissions":["cloudfunctions.functions.create","cloudfunctions.functions.delete","cloudfunctions.functions.get","cloudfunctions.functions.list","cloudfunctions.functions.update","cloudfunctions.operations.get","firebase.projects.get"]}
[debug] [2022-04-21T12:08:17.526Z] >>> [apiv2][query] POST https://iam.googleapis.com/v1/projects/mapossadatatech/serviceAccounts/mapossadatatech@appspot.gserviceaccount.com:testIamPermissions [none]
[debug] [2022-04-21T12:08:17.527Z] >>> [apiv2][body] POST https://iam.googleapis.com/v1/projects/mapossadatatech/serviceAccounts/mapossadatatech@appspot.gserviceaccount.com:testIamPermissions {"permissions":["iam.serviceAccounts.actAs"]}
[debug] [2022-04-21T12:08:24.476Z] <<< [apiv2][status] POST https://iam.googleapis.com/v1/projects/mapossadatatech/serviceAccounts/mapossadatatech@appspot.gserviceaccount.com:testIamPermissions 200
[debug] [2022-04-21T12:08:24.477Z] <<< [apiv2][body] POST https://iam.googleapis.com/v1/projects/mapossadatatech/serviceAccounts/mapossadatatech@appspot.gserviceaccount.com:testIamPermissions {"permissions":["iam.serviceAccounts.actAs"]}
[info] 
[info] === Deploying to 'mapossadatatech'...
[info] 
[info] i  deploying functions 
[info] Running command: npm --prefix "$RESOURCE_DIR" run build
[info] +  functions: Finished running predeploy script. 
[debug] [2022-04-21T12:08:40.774Z] >>> [apiv2][query] GET https://firebase.googleapis.com/v1beta1/projects/mapossadatatech [none]
[debug] [2022-04-21T12:08:41.483Z] <<< [apiv2][status] GET https://firebase.googleapis.com/v1beta1/projects/mapossadatatech 200
[debug] [2022-04-21T12:08:41.483Z] <<< [apiv2][body] GET https://firebase.googleapis.com/v1beta1/projects/mapossadatatech {"projectId":"mapossadatatech","projectNumber":"462737693135","displayName":"MapossaDataTech","name":"projects/mapossadatatech","resources":{"hostingSite":"mapossadatatech","storageBucket":"mapossadatatech.appspot.com","locationId":"europe-west6"},"state":"ACTIVE"}
